1473252605
Not formatting root partition
mount: can't find /mnt in /etc/fstab
various: line 243: reflector: command not found
various: line 256: curl: command not found
mv: cannot stat ‘/etc/pacman.d/mirrorlist’: No such file or directory
mv: cannot move ‘/tmp/tmp.ENXsR3u4C9-mirrorlist’ to ‘/etc/pacman.d/mirrorlist’: No such file or directory
chmod: cannot access ‘/etc/pacman.d/mirrorlist’: No such file or directory
various: line 199: pacstrap: command not found
various: line 206: pacstrap: command not found
various: line 209: pacstrap: command not found
various: line 44: arch-chroot: command not found
various: line 44: arch-chroot: command not found
sed: can't read /mnt/etc/hosts: No such file or directory
sed: can't read /mnt/etc/hosts: No such file or directory
various: line 44: arch-chroot: command not found
various: line 44: arch-chroot: command not found
various: line 44: arch-chroot: command not found
Not installing Grub
various: line 235: arch-chroot: command not found
1473252612
Not formatting root partition
mount: can't find /mnt in /etc/fstab
various: line 243: reflector: command not found
various: line 256: curl: command not found
mv: cannot stat ‘/etc/pacman.d/mirrorlist’: No such file or directory
mv: cannot move ‘/tmp/tmp.91v5XSmGx2-mirrorlist’ to ‘/etc/pacman.d/mirrorlist’: No such file or directory
chmod: cannot access ‘/etc/pacman.d/mirrorlist’: No such file or directory
various: line 199: pacstrap: command not found
various: line 206: pacstrap: command not found
various: line 209: pacstrap: command not found
various: line 44: arch-chroot: command not found
various: line 44: arch-chroot: command not found
sed: can't read /mnt/etc/hosts: No such file or directory
sed: can't read /mnt/etc/hosts: No such file or directory
various: line 44: arch-chroot: command not found
various: line 44: arch-chroot: command not found
various: line 44: arch-chroot: command not found
Not installing Grub
various: line 235: arch-chroot: command not found
