1460556067
loadkeys: unrecognized option '--menu,'
loadkeys version 2.0.3

Usage: loadkeys [option...] [mapfile...]

Valid options are:

  -a --ascii         force conversion to ASCII
  -b --bkeymap       output a binary keymap to stdout
  -c --clearcompose  clear kernel compose table
  -C --console=file
                     the console device to be used
  -d --default       load "defkeymap.map"
  -h --help          display this help text
  -m --mktable       output a "defkeymap.c" to stdout
  -p --parse         search and parse keymap without action
  -q --quiet         suppress all normal output
  -s --clearstrings  clear kernel string table
  -u --unicode       force conversion to Unicode
  -v --verbose       report the changes
1460556409
loadkeys: unrecognized option '--menu,'
loadkeys version 2.0.3

Usage: loadkeys [option...] [mapfile...]

Valid options are:

  -a --ascii         force conversion to ASCII
  -b --bkeymap       output a binary keymap to stdout
  -c --clearcompose  clear kernel compose table
  -C --console=file
                     the console device to be used
  -d --default       load "defkeymap.map"
  -h --help          display this help text
  -m --mktable       output a "defkeymap.c" to stdout
  -p --parse         search and parse keymap without action
  -q --quiet         suppress all normal output
  -s --clearstrings  clear kernel string table
  -u --unicode       force conversion to Unicode
  -v --verbose       report the changes
1460556599
loadkeys: unrecognized option '--menu,'
loadkeys version 2.0.3

Usage: loadkeys [option...] [mapfile...]

Valid options are:

  -a --ascii         force conversion to ASCII
  -b --bkeymap       output a binary keymap to stdout
  -c --clearcompose  clear kernel compose table
  -C --console=file
                     the console device to be used
  -d --default       load "defkeymap.map"
  -h --help          display this help text
  -m --mktable       output a "defkeymap.c" to stdout
  -p --parse         search and parse keymap without action
  -q --quiet         suppress all normal output
  -s --clearstrings  clear kernel string table
  -u --unicode       force conversion to Unicode
  -v --verbose       report the changes
1460556879
loadkeys: unrecognized option '--menu,'
loadkeys version 2.0.3

Usage: loadkeys [option...] [mapfile...]

Valid options are:

  -a --ascii         force conversion to ASCII
  -b --bkeymap       output a binary keymap to stdout
  -c --clearcompose  clear kernel compose table
  -C --console=file
                     the console device to be used
  -d --default       load "defkeymap.map"
  -h --help          display this help text
  -m --mktable       output a "defkeymap.c" to stdout
  -p --parse         search and parse keymap without action
  -q --quiet         suppress all normal output
  -s --clearstrings  clear kernel string table
  -u --unicode       force conversion to Unicode
  -v --verbose       report the changes
